<?xml version="1.0" encoding="UTF-8"?>
<testsuites name="picx" tests="5" failures="0" errors="0" time="1.189">
  <testsuite name="tests/cli.test.ts" errors="0" failures="0" skipped="0" timestamp="2022-09-08T15:47:14" time="1.034" tests="5">
    <testcase classname="esbuild-cli --help flag" name="should prints help info" time="0.05">
    </testcase>
    <testcase classname="esbuild-cli --version flag" name="should prints the current version" time="0.049">
    </testcase>
    <testcase classname="esbuild-cli init command" name="should create a js config file" time="0.052">
    </testcase>
    <testcase classname="esbuild-cli init command" name="should create a ts config file" time="0.047">
    </testcase>
    <testcase classname="esbuild-cli init command" name="should build ts file" time="0.104">
    </testcase>
  </testsuite>
</testsuites>